1.570796326794896697e-02 4.761691238396049686e-01 -1.087057946155107757e+00
4.712388980384690090e-02 -1.265741885077309725e-01 -1.335267412188241298e+00
7.853981633974482790e-02 -2.973646986772559009e-01 -1.408619277134774084e+00
1.099557428756428035e-01 -2.986838319520161988e-01 -1.485587294827926064e+00
1.413716694115407235e-01 -2.346572137869841479e-01 -1.554137660632685991e+00
1.727875959474385603e-01 -1.384010387948051979e-01 -1.601759161554414446e+00
2.042035224833365636e-01 -3.212809914023378316e-02 -1.625283806873822456e+00
2.356194490192345392e-01 7.588888079858339963e-02 -1.631115502813420104e+00
2.670353755551325703e-01 1.703921292892771056e-01 -1.621650239161037232e+00
2.984513020910303793e-01 2.642702022739238377e-01 -1.599841461454070801e+00
3.298672286269282439e-01 3.471967262645855312e-01 -1.573062292599365808e+00
3.612831551628262750e-01 4.193620711239433030e-01 -1.535735415468454601e+00
3.926990816987241950e-01 4.803821466189893696e-01 -1.498601930006542515e+00
4.241150082346222261e-01 5.343799074141913907e-01 -1.462612294753675490e+00
4.555309347705199796e-01 5.840907877822937300e-01 -1.425173168386633993e+00
4.869468613064179552e-01 6.302674441187986476e-01 -1.382246311046315901e+00
5.183627878423158197e-01 6.666044438026280661e-01 -1.344520369902859613e+00
5.497787143782136843e-01 6.994340775320970760e-01 -1.309869950246039139e+00
5.811946409141118819e-01 7.303884683311221426e-01 -1.272797840644890544e+00
6.126105674500097464e-01 7.558788005249155173e-01 -1.240011558255634139e+00
6.440264939859076110e-01 7.794316218552270747e-01 -1.206307855285188912e+00
6.754424205218054755e-01 7.990240338531021669e-01 -1.175673242727514944e+00
7.068583470577036731e-01 8.197070063574948273e-01 -1.146205936220721089e+00
7.382742735936015377e-01 8.365908411554283663e-01 -1.113866210346533325e+00
7.696902001294994022e-01 8.503807398773078896e-01 -1.089045567375646062e+00
8.011061266653973778e-01 8.659541006783211259e-01 -1.061059397635473855e+00
8.325220532012951313e-01 8.786440958342142116e-01 -1.034089735705358448e+00
8.639379797371933289e-01 8.908768187058756505e-01 -1.011204802852074147e+00
8.953539062730910825e-01 9.016342546229199062e-01 -9.902573724118477472e-01
9.267698328089892801e-01 9.120592285239588204e-01 -9.682416960299548014e-01
9.581857593448870336e-01 9.206426330664567725e-01 -9.475959039820172070e-01
9.896016858807848982e-01 9.299299592390619651e-01 -9.254872924418101610e-01
1.021017612416682985e+00 9.366207116954011758e-01 -9.062531597151789464e-01
1.052433538952580960e+00 9.446856747688677780e-01 -8.873880864768979304e-01
1.083849465488478936e+00 9.501338478160452627e-01 -8.697247802077917589e-01
1.115265392024376689e+00 9.552604219858515933e-01 -8.545996865543082910e-01
1.146681318560275331e+00 9.614944073560922622e-01 -8.387748951327047564e-01
1.178097245096171974e+00 9.672081939480052792e-01 -8.188294870363443945e-01
1.209513171632069950e+00 9.722929221789444743e-01 -8.050742188812588518e-01
1.240929098167967704e+00 9.798718920216407113e-01 -7.869878465629128739e-01
1.272345024703865679e+00 9.807115386066713736e-01 -7.754292647330307542e-01
1.303760951239764321e+00 9.860584804042439311e-01 -7.607174180299433042e-01
1.335176877775662296e+00 9.897797592874022499e-01 -7.511613545576267814e-01
1.366592804311560050e+00 9.952151050025485057e-01 -7.362963102827906337e-01
1.398008730847458025e+00 9.961737606906316822e-01 -7.228845476721620367e-01
1.429424657383356001e+00 1.001404115612523293e+00 -7.127212525787037789e-01
1.460840583919253755e+00 1.002348849069776282e+00 -6.970831165340822810e-01
1.492256510455151730e+00 1.006931292328620220e+00 -6.892237433565530091e-01
1.523672436991049706e+00 1.012436757883544702e+00 -6.797663884271298862e-01
1.555088363526948125e+00 1.012269031544007714e+00 -6.686976217513592724e-01
1.586504290062846101e+00 1.014512089348529100e+00 -6.570641166526675070e-01
1.617920216598744076e+00 1.016030079252261187e+00 -6.482744779158757797e-01
1.649336143134642274e+00 1.020121411141407197e+00 -6.366749869094795455e-01
1.680752069670539139e+00 1.022884538413419975e+00 -6.245646332800875999e-01
1.712167996206436893e+00 1.025221127333274085e+00 -6.186854720377580330e-01
1.743583922742335091e+00 1.027136871416094888e+00 -6.140756686373096684e-01
1.774999849278233288e+00 1.031952234390395073e+00 -5.998059472469713382e-01
1.806415775814131042e+00 1.031787465759107736e+00 -5.938685437182927851e-01
1.837831702350029017e+00 1.032790814809609881e+00 -5.854728289065483926e-01
1.869247628885926549e+00 1.032448234384180985e+00 -5.743125636101646947e-01
1.900663555421825190e+00 1.038228954760042289e+00 -5.697555224913023464e-01
1.932079481957722944e+00 1.037036815027109649e+00 -5.638961513039373319e-01
1.963495408493620697e+00 1.035731406716218883e+00 -5.547482133633929724e-01
1.994911335029519339e+00 1.040240296124955277e+00 -5.529478015299081894e-01
2.026327261565417093e+00 1.037896001594710071e+00 -5.364401685194845060e-01
2.057743188101315290e+00 1.037881342090602343e+00 -5.318296757470407643e-01
2.089159114637212600e+00 1.044606362355629425e+00 -5.286752081144439064e-01
2.120575041173110353e+00 1.044304834264840220e+00 -5.232449358684150287e-01
2.151990967709008551e+00 1.043904929752015764e+00 -5.145052454657026431e-01
2.183406894244906304e+00 1.043146166903111238e+00 -5.117884637247402946e-01
2.214822820780804502e+00 1.047065925880785731e+00 -5.051950534126096182e-01
2.246238747316702256e+00 1.050328499028094775e+00 -4.914736077380670309e-01
2.277654673852599565e+00 1.051902227715348026e+00 -4.905906204355477418e-01
2.309070600388498207e+00 1.052915692760552302e+00 -4.846975690003963999e-01
2.340486526924395516e+00 1.049560474037524616e+00 -4.839458985259731394e-01
2.371902453460294158e+00 1.054880321621499029e+00 -4.758583075812999330e-01
2.403318379996192355e+00 1.053232554933260845e+00 -4.661200610873653116e-01
2.434734306532089665e+00 1.059284868179594108e+00 -4.700965571410063437e-01
2.466150233067988307e+00 1.061765332117934557e+00 -4.628873689094891719e-01
2.497566159603885616e+00 1.059637538057621065e+00 -4.542713480924397973e-01
2.528982086139783814e+00 1.053961293438804958e+00 -4.487076218437812125e-01
2.560398012675682455e+00 1.054246375234295430e+00 -4.477186248571450311e-01
2.591813939211580209e+00 1.057084994791941845e+00 -4.442268445778986274e-01
2.623229865747478406e+00 1.057099132021271704e+00 -4.375459314074287009e-01
2.654645792283374828e+00 1.061282409352287015e+00 -4.320529070115520232e-01
2.686061718819273469e+00 1.060868412030241403e+00 -4.257704063218056834e-01
2.717477645355170779e+00 1.061313228551912902e+00 -4.233457623221517641e-01
2.748893571891069421e+00 1.058401827846781718e+00 -4.136219193213753753e-01
2.780309498426966730e+00 1.061511032376634578e+00 -4.136180575874336407e-01
2.811725424962865372e+00 1.060174855989614473e+00 -4.119209663899304763e-01
2.843141351498762681e+00 1.067236636305596731e+00 -4.031035718470237228e-01
2.874557278034660879e+00 1.061156400321658921e+00 -4.009140751283384319e-01
2.905973204570558632e+00 1.073033947985859271e+00 -4.032835218145372491e-01
2.937389131106456830e+00 1.061555822094339741e+00 -3.937442677204733288e-01
2.968805057642355472e+00 1.067732388446964054e+00 -3.918143256725131751e-01
3.000220984178252781e+00 1.066264880093226619e+00 -3.865255215313090909e-01
3.031636910714151423e+00 1.063876209116931815e+00 -3.831615302348149177e-01
3.063052837250048732e+00 1.068449518199538595e+00 -3.823847239555075439e-01
3.094468763785946486e+00 1.068806886326275407e+00 -3.825796803623819353e-01
3.125884690321843795e+00 1.063517339025587871e+00 -3.780621948297376300e-01
3.157300616857742437e+00 1.068893388569222669e+00 -3.764633309076305667e-01
3.408628029144925797e+00 1.072502343655606705e+00 -3.530769392429516373e-01
3.691371367968007355e+00 1.075714173602053680e+00 -3.265620068246626873e-01
4.005530633326985779e+00 1.078515777839839762e+00 -3.011183262317871367e-01
4.351105825221863732e+00 1.080923970395281541e+00 -2.773366642695669348e-01
4.696681017116739909e+00 1.082820414490845096e+00 -2.570283731524195536e-01
5.073672135547517392e+00 1.084463465325937737e+00 -2.380087274762806016e-01
5.513495107050088606e+00 1.085970750563516773e+00 -2.190885546685931717e-01
5.953318078552657155e+00 1.087156478450162167e+00 -2.029509088713284670e-01
6.455972903127024765e+00 1.088226054824481759e+00 -1.871895768741813626e-01
6.990043654237290127e+00 1.089119248853972710e+00 -1.729184707095993700e-01
7.586946258419350997e+00 1.089902884322793586e+00 -1.593391945540382770e-01
8.215264789137309620e+00 1.090550261117774422e+00 -1.471717816428309566e-01
8.874999246391167773e+00 1.091087508994492250e+00 -1.362462904338517800e-01
9.628981483252717410e+00 1.091571419976854473e+00 -1.255899523546505914e-01
1.041437964665015947e+01 1.091967943967464105e+00 -1.161278681699648985e-01
1.129402558965530901e+01 1.092317573434244071e+00 -1.070906611031940542e-01
1.223650338573225049e+01 1.092611695198938637e+00 -9.884818830369498932e-02
1.324181303488098038e+01 1.092858809315028656e+00 -9.134823710272310660e-02
1.434137046363741419e+01 1.093071830424683366e+00 -8.434815232494333181e-02
1.553517567200153238e+01 1.093253836867595030e+00 -7.786924080644169743e-02
1.682322865997333494e+01 1.093408400153969673e+00 -7.190949753827877156e-02
1.820552942755285031e+01 1.093539149196428140e+00 -6.645133484271095736e-02
1.971349390127594603e+01 1.093651596998391540e+00 -6.136959348983817009e-02
2.134712208114265408e+01 1.093747539127700064e+00 -5.667426438181799586e-02
2.313782989368883136e+01 1.093830247693222235e+00 -5.228893799514811036e-02
2.505420141237859966e+01 1.093899859853726397e+00 -4.829008217691447419e-02
2.712765256374786560e+01 1.093959188481668621e+00 -4.459965310682020151e-02
2.938959927433251806e+01 1.094010131913296657e+00 -4.116749957081707045e-02
3.184004154413255350e+01 1.094053533754748120e+00 -3.799953851940580246e-02
3.447897937314797900e+01 1.094090316806615171e+00 -3.509140437229535392e-02
3.733782868791468701e+01 1.094121696376933350e+00 -3.240476103370935890e-02
4.044800541496858415e+01 1.094148564033692761e+00 -2.991321697310669186e-02
4.380950955430967042e+01 1.094171412015412681e+00 -2.761810305360208259e-02
4.742234110593792451e+01 1.094190755200370235e+00 -2.551414039046437376e-02
5.138074784946105922e+01 1.094207441524187585e+00 -2.354859271738911006e-02
5.565331385834319633e+01 1.094221608085179209e+00 -2.174080280603678944e-02
6.027145505912018564e+01 1.094233660514256856e+00 -2.007501997885344919e-02
6.526658737832794088e+01 1.094243925390930183e+00 -1.853863115840290871e-02
7.070154266903830376e+01 1.094252716224537680e+00 -1.711356354677472796e-02
7.657632093125120321e+01 1.094260193075611509e+00 -1.580066947335891786e-02
8.292233809150260981e+01 1.094266551693909850e+00 -1.459146824421457198e-02
8.983384192940013691e+01 1.094272001984653020e+00 -1.346886615391249507e-02
9.727941651840795600e+01 1.094276622787814457e+00 -1.243799754825384608e-02
1.053847255646695942e+02 1.094280581790449292e+00 -1.148138041443081195e-02
1.141183531416492940e+02 1.094283939209148127e+00 -1.060270224481911841e-02
1.236059629554904120e+02 1.094286810499659701e+00 -9.788877237440270218e-03
1.338789709327290325e+02 1.094289257209234645e+00 -9.037745540643796899e-03
1.450002089264368976e+02 1.094291341910307080e+00 -8.344597621907139107e-03
1.570639247162216918e+02 1.094293121527779356e+00 -7.703647908468269460e-03
