1.570796326794896697e-02 8.190882622459797480e-01 -5.266150654636241324e-01
4.712388980384690090e-02 6.000551186336708920e-01 -9.649558220697596056e-01
7.853981633974482790e-02 4.076831408132762791e-01 -1.181976981082951239e+00
1.099557428756428035e-01 2.866871596075829531e-01 -1.300844598861406576e+00
1.413716694115407235e-01 2.329674789295937687e-01 -1.370391750820469934e+00
1.727875959474385603e-01 2.288839278470487515e-01 -1.409938369322370599e+00
2.042035224833365636e-01 2.542981860863132715e-01 -1.431888137465336941e+00
2.356194490192345392e-01 2.904348701448992154e-01 -1.441936913458869318e+00
2.670353755551325703e-01 3.351124911608505674e-01 -1.442696184220395805e+00
2.984513020910303793e-01 3.847918879272959058e-01 -1.433069153689838338e+00
3.298672286269282439e-01 4.330352529924227367e-01 -1.417625075977825944e+00
3.612831551628262750e-01 4.814182053142472273e-01 -1.395871382752055467e+00
3.926990816987241950e-01 5.238275968863389531e-01 -1.375380271283626499e+00
4.241150082346222261e-01 5.635487920178169352e-01 -1.350605502778397859e+00
4.555309347705199796e-01 6.046521300100395901e-01 -1.322108959048556187e+00
4.869468613064179552e-01 6.394896488803095691e-01 -1.291367098750771047e+00
5.183627878423158197e-01 6.676632103285996545e-01 -1.266341107607257488e+00
5.497787143782136843e-01 6.973091907589601401e-01 -1.237498130496146542e+00
5.811946409141118819e-01 7.218755475413247691e-01 -1.210884016499022220e+00
6.126105674500097464e-01 7.476723311479733791e-01 -1.179496803759970014e+00
6.440264939859076110e-01 7.683314655611513944e-01 -1.152564642874011502e+00
6.754424205218054755e-01 7.898402117688327895e-01 -1.124158962676916396e+00
7.068583470577036731e-01 8.058318010699672129e-01 -1.100559478993583973e+00
7.382742735936015377e-01 8.206019793132585116e-01 -1.076935410041107932e+00
7.696902001294994022e-01 8.374134805591250119e-01 -1.049419162531808336e+00
8.011061266653973778e-01 8.512252306800398571e-01 -1.029722674396473581e+00
8.325220532012951313e-01 8.626233601811605922e-01 -1.003385437187433560e+00
8.639379797371933289e-01 8.720616711730568849e-01 -9.846091508824631466e-01
8.953539062730910825e-01 8.861814748116689788e-01 -9.644277580852925746e-01
9.267698328089892801e-01 8.950156289593802494e-01 -9.441462310309111094e-01
9.581857593448870336e-01 9.054099601973459865e-01 -9.265416608437211377e-01
9.896016858807848982e-01 9.149643532218563191e-01 -9.049557439778341816e-01
1.021017612416682985e+00 9.208104795532919828e-01 -8.853909769292487297e-01
1.052433538952580960e+00 9.275837930739626591e-01 -8.688713811267703147e-01
1.083849465488478936e+00 9.338945134322536035e-01 -8.497356463093727053e-01
1.115265392024376689e+00 9.415302074157493317e-01 -8.353319052937940858e-01
1.146681318560275331e+00 9.462892804771907418e-01 -8.224066577814890255e-01
1.178097245096171974e+00 9.544541421467009901e-01 -8.055460202957164251e-01
1.209513171632069950e+00 9.586533208449694587e-01 -7.882799150216291961e-01
1.240929098167967704e+00 9.619437760897865397e-01 -7.729418055430145040e-01
1.272345024703865679e+00 9.664344167914944439e-01 -7.623890482992434769e-01
1.303760951239764321e+00 9.703622494614098093e-01 -7.496318453346513255e-01
1.335176877775662296e+00 9.761688826492248561e-01 -7.359983487944482539e-01
1.366592804311560050e+00 9.771688073500518490e-01 -7.237138488978306361e-01
1.398008730847458025e+00 9.844823092176584467e-01 -7.144231648413201796e-01
1.429424657383356001e+00 9.895428485105661753e-01 -7.037162828037150097e-01
1.460840583919253755e+00 9.900464416378429444e-01 -6.868697484122607833e-01
1.492256510455151730e+00 9.942464313975275525e-01 -6.801422828241242557e-01
1.523672436991049706e+00 9.989685014133875551e-01 -6.709936303529833168e-01
1.555088363526948125e+00 9.982977871011762261e-01 -6.589395734942585792e-01
1.586504290062846101e+00 9.996664068524682145e-01 -6.506378833696772057e-01
1.617920216598744076e+00 1.003439412541838882e+00 -6.388674970051237967e-01
1.649336143134642274e+00 1.005832742992007978e+00 -6.307838431382368771e-01
1.680752069670539139e+00 1.013549507167661456e+00 -6.180809875800393760e-01
1.712167996206436893e+00 1.016134467820125398e+00 -6.135031381858373489e-01
1.743583922742335091e+00 1.012135412841522975e+00 -6.035963792346590306e-01
1.774999849278233288e+00 1.020558729291801692e+00 -5.898459150339512291e-01
1.806415775814131042e+00 1.017673214059279907e+00 -5.878976097223883590e-01
1.837831702350029017e+00 1.020453351915569851e+00 -5.758825155536478890e-01
1.869247628885926549e+00 1.018574199872203767e+00 -5.681605703764246451e-01
1.900663555421825190e+00 1.024481599607708127e+00 -5.599070526972280692e-01
1.932079481957722944e+00 1.024884711440238405e+00 -5.565684413968220445e-01
1.963495408493620697e+00 1.026707482995873111e+00 -5.468616159811393596e-01
1.994911335029519339e+00 1.031361634507460767e+00 -5.411203567861844199e-01
2.026327261565417093e+00 1.027195788442690993e+00 -5.334755809142539551e-01
2.057743188101315290e+00 1.035686292364332406e+00 -5.232244797443487139e-01
2.089159114637212600e+00 1.034504949423654452e+00 -5.246453460724455065e-01
2.120575041173110353e+00 1.031476700483366482e+00 -5.145020830520510291e-01
2.151990967709008551e+00 1.035461030568413543e+00 -5.101954910755914785e-01
2.183406894244906304e+00 1.035868917979338777e+00 -5.055180494218806109e-01
2.214822820780804502e+00 1.040822426206499562e+00 -4.977271804244985387e-01
2.246238747316702256e+00 1.038227432945676432e+00 -4.890579995175823314e-01
2.277654673852599565e+00 1.042177679692597447e+00 -4.820352631814674993e-01
2.309070600388498207e+00 1.040339900931616324e+00 -4.769139508817613615e-01
2.340486526924395516e+00 1.045120233803529031e+00 -4.751519752717666689e-01
2.371902453460294158e+00 1.042336135688477272e+00 -4.670723835712952132e-01
2.403318379996192355e+00 1.041749509004345153e+00 -4.639756241438044992e-01
2.434734306532089665e+00 1.045659188451517618e+00 -4.592239707380161851e-01
2.466150233067988307e+00 1.048060627429809655e+00 -4.524073363911139678e-01
2.497566159603885616e+00 1.040921271932714331e+00 -4.520863021572022467e-01
2.528982086139783814e+00 1.048969984543929534e+00 -4.461090058056726981e-01
2.560398012675682455e+00 1.051261122948673021e+00 -4.416564297154620955e-01
2.591813939211580209e+00 1.049887897397088654e+00 -4.415542181924305143e-01
2.623229865747478406e+00 1.043794658957502230e+00 -4.365856060172896846e-01
2.654645792283374828e+00 1.052959517690382540e+00 -4.401705385577631691e-01
2.686061718819273469e+00 1.054470051107814665e+00 -4.218383366052063654e-01
2.717477645355170779e+00 1.052283836496214819e+00 -4.221831526914983646e-01
2.748893571891069421e+00 1.055565727364813355e+00 -4.197642816755042250e-01
2.780309498426966730e+00 1.042782325948446331e+00 -4.124371048156916797e-01
2.811725424962865372e+00 1.050292120484722425e+00 -4.091177707812626574e-01
2.843141351498762681e+00 1.054979504900434240e+00 -4.031352710029759701e-01
2.874557278034660879e+00 1.053360162981322734e+00 -3.934121770043875754e-01
2.905973204570558632e+00 1.054920562008215601e+00 -3.906232020332331412e-01
2.937389131106456830e+00 1.053188626512608916e+00 -3.943636402245104811e-01
2.968805057642355472e+00 1.052199299937643273e+00 -3.818193182356885429e-01
3.000220984178252781e+00 1.051934945155367895e+00 -3.841238189782195112e-01
3.031636910714151423e+00 1.053676528444865479e+00 -3.825828770925379096e-01
3.063052837250048732e+00 1.057427810743547525e+00 -3.672914079097019946e-01
3.094468763785946486e+00 1.054754821755898408e+00 -3.771758824209739958e-01
3.125884690321843795e+00 1.058515234995706766e+00 -3.731253823913386891e-01
3.157300616857742437e+00 1.057713895148302274e+00 -3.719077015649404627e-01
3.408628029144925797e+00 1.061967558613129414e+00 -3.510477063176637991e-01
3.691371367968007355e+00 1.065753153992241797e+00 -3.264003921447068413e-01
4.005530633326985779e+00 1.069055240414468644e+00 -3.010316841305019087e-01
4.351105825221863732e+00 1.071893635585414284e+00 -2.772648331955120393e-01
4.696681017116739909e+00 1.074128862893401370e+00 -2.569676227754488229e-01
5.073672135547517392e+00 1.076065430442954884e+00 -2.379571459242587339e-01
5.513495107050088606e+00 1.077841979054033672e+00 -2.190450225610658941e-01
5.953318078552657155e+00 1.079239526895424683e+00 -2.029134626495717464e-01
6.455972903127024765e+00 1.080500173768933481e+00 -1.871574355416237567e-01
6.990043654237290127e+00 1.081552929128672513e+00 -1.728906295034670082e-01
7.586946258419350997e+00 1.082476554245549893e+00 -1.593150356397027845e-01
8.215264789137309620e+00 1.083239579263836738e+00 -1.471506093315545494e-01
8.874999246391167773e+00 1.083872801792255869e+00 -1.362275673045447999e-01
9.628981483252717410e+00 1.084443159254909972e+00 -1.255734222972518521e-01
1.041437964665015947e+01 1.084910518801208701e+00 -1.161131357032519212e-01
1.129402558965530901e+01 1.085322606525624511e+00 -1.070775242091719093e-01
1.223650338573225049e+01 1.085669270580661649e+00 -9.883641126916740960e-02
1.324181303488098038e+01 1.085960529480286096e+00 -9.133762444267237712e-02
1.434137046363741419e+01 1.086211604954955723e+00 -8.433856850080820311e-02
1.553517567200153238e+01 1.086426125262924369e+00 -7.786056318992934377e-02
1.682322865997333494e+01 1.086608299933575328e+00 -7.190161743934117555e-02
1.820552942755285031e+01 1.086762406153147120e+00 -6.644415713552798142e-02
1.971349390127594603e+01 1.086894941775082390e+00 -6.136304750345180498e-02
2.134712208114265408e+01 1.087008023129771184e+00 -5.666828448180358940e-02
2.313782989368883136e+01 1.087105506859817217e+00 -5.228347271295909204e-02
2.505420141237859966e+01 1.087187554626208197e+00 -4.828507520629472805e-02
2.712765256374786560e+01 1.087257481796554348e+00 -4.459506053961390798e-02
2.938959927433251806e+01 1.087317525828330966e+00 -4.116328559663969683e-02
3.184004154413255350e+01 1.087368681030562723e+00 -3.799566861978039001e-02
3.447897937314797900e+01 1.087412035054125425e+00 -3.508784613312079109e-02
3.733782868791468701e+01 1.087449020311245684e+00 -3.240148742405924570e-02
4.044800541496858415e+01 1.087480687640765442e+00 -2.991020471304022335e-02
4.380950955430967042e+01 1.087507617215326405e+00 -2.761532948626089362e-02
4.742234110593792451e+01 1.087530415891724278e+00 -2.551158403943818570e-02
5.138074784946105922e+01 1.087550083081890051e+00 -2.354623801845663264e-02
5.565331385834319633e+01 1.087566780375558206e+00 -2.173863257106175076e-02
6.027145505912018564e+01 1.087580985866067662e+00 -2.007301893205391471e-02
6.526658737832794088e+01 1.087593084473513327e+00 -1.853678554087557009e-02
7.070154266903830376e+01 1.087603445712942873e+00 -1.711186160817008625e-02
7.657632093125120321e+01 1.087612258238308982e+00 -1.579909951989005162e-02
8.292233809150260981e+01 1.087619752768358650e+00 -1.459001955070958999e-02
8.983384192940013691e+01 1.087626176706049996e+00 -1.346752979764168426e-02
9.727941651840795600e+01 1.087631622975431700e+00 -1.243676416284016963e-02
1.053847255646695942e+02 1.087636289219389152e+00 -1.148024243542257808e-02
1.141183531416492940e+02 1.087640246411682554e+00 -1.060165178348491076e-02
1.236059629554904120e+02 1.087643630633224001e+00 -9.787907743141446154e-03
1.338789709327290325e+02 1.087646514426144684e+00 -9.036850704169650458e-03
1.450002089264368976e+02 1.087648971540898124e+00 -8.343771623546748784e-03
1.570639247162216918e+02 1.087651069071524201e+00 -7.702885519748292609e-03
