3.141592653589792700e-02 9.232755190112303945e-01 -5.000885356434049411e-01
9.424777960769380181e-02 8.759139228559950086e-01 -9.120605674420545483e-01
1.570796326794897113e-01 8.559773668952306291e-01 -1.090065678635858015e+00
2.199114857512856069e-01 8.506710552830545335e-01 -1.173411958763399987e+00
2.827433388230813915e-01 8.571916979517566482e-01 -1.184151349460637936e+00
3.455751918948772872e-01 8.693485557427930166e-01 -1.155361824436313967e+00
4.084070449666731273e-01 8.826443041419355096e-01 -1.111018385687061016e+00
4.712388980384690229e-01 8.949362096827708779e-01 -1.063294180279821921e+00
5.340707511102649185e-01 9.053201726002814143e-01 -1.016987892845677033e+00
5.969026041820607587e-01 9.138776596101489957e-01 -9.730758330235984577e-01
6.597344572538565988e-01 9.210878940590394581e-01 -9.310074708642954722e-01
7.225663103256524389e-01 9.273642997758668738e-01 -8.904762522415291537e-01
7.853981633974483900e-01 9.329867464124135257e-01 -8.517866472963024904e-01
8.482300164692442301e-01 9.380401429298736993e-01 -8.154466650408774830e-01
9.110618695410400703e-01 9.424273246198442422e-01 -7.817777614900515148e-01
9.738937226128359104e-01 9.460438551713450384e-01 -7.507783646506536179e-01
1.036725575684632084e+00 9.489241679228993531e-01 -7.221986039817696046e-01
1.099557428756428035e+00 9.512295522754914412e-01 -6.956800547470434193e-01
1.162389281828223986e+00 9.531604323581479576e-01 -6.708740564418460561e-01
1.225221134900019049e+00 9.548882829713668530e-01 -6.475165693831796965e-01
1.288052987971815000e+00 9.565205268601351118e-01 -6.254518138238726044e-01
1.350884841043610951e+00 9.580935616677818123e-01 -6.046110460704331446e-01
1.413716694115406902e+00 9.595843892597838432e-01 -5.849549084617220451e-01
1.476548547187203075e+00 9.609460919148782310e-01 -5.664325670751526598e-01
1.539380400258999027e+00 9.621373187025313856e-01 -5.489623823226044141e-01
1.602212253330794978e+00 9.631469346908115847e-01 -5.324381284468262532e-01
1.665044106402590041e+00 9.639994127038257199e-01 -5.167493515868043508e-01
1.727875959474385992e+00 9.647420430610396114e-01 -5.018061513908107507e-01
1.790707812546181943e+00 9.654312344834917736e-01 -4.875446386014735123e-01
1.853539665617977894e+00 9.661199391178433293e-01 -4.739271508915210984e-01
1.916371518689774067e+00 9.668488894669097222e-01 -4.609403852615918118e-01
1.979203371761570018e+00 9.676394811777606630e-01 -4.485752800852800815e-01
2.042035224833365969e+00 9.685011294331126175e-01 -4.368172077909330819e-01
2.104867077905161032e+00 9.694196788607342130e-01 -4.256483602508027153e-01
2.167698930976956984e+00 9.703734337462827098e-01 -4.150460681031953869e-01
2.230530784048752935e+00 9.713374621012180743e-01 -4.049772010709298264e-01
2.293362637120548886e+00 9.722816678234258436e-01 -3.954087984834843139e-01
2.356194490192344837e+00 9.731804126919840758e-01 -3.863104221190438725e-01
2.419026343264140788e+00 9.740153147596296579e-01 -3.776520710741618214e-01
2.481858196335937183e+00 9.747697838274295146e-01 -3.694011451150356895e-01
2.544690049407733135e+00 9.754284916682656181e-01 -3.615377689605941969e-01
2.607521902479529086e+00 9.759785225235038109e-01 -3.540235220712407149e-01
2.670353755551325037e+00 9.764027562076849076e-01 -3.468510135470895261e-01
2.733185608623120100e+00 9.766891309676692945e-01 -3.399880120678784867e-01
2.796017461694916051e+00 9.768248373213628266e-01 -3.334200819122101755e-01
2.858849314766712002e+00 9.768019701838523972e-01 -3.271278333904608093e-01
2.921681167838507953e+00 9.766222257973399268e-01 -3.210880514559557031e-01
2.984513020910303904e+00 9.762975849832649100e-01 -3.152927123407183729e-01
3.047344873982098967e+00 9.758526967959769705e-01 -3.097094313952613032e-01
3.110176727053894918e+00 9.753134697089824723e-01 -3.043166495972052799e-01
3.173008580125690870e+00 9.747186184292190303e-01 -2.991006416440393223e-01
3.235840433197486821e+00 9.741034098269774066e-01 -2.940338590251792006e-01
3.298672286269283216e+00 9.735085787766531995e-01 -2.890918153863470952e-01
3.361504139341079167e+00 9.729705924767815262e-01 -2.842574134996184165e-01
3.424335992412875118e+00 9.725228723379319984e-01 -2.795136042924887820e-01
3.487167845484671069e+00 9.721867475192808028e-01 -2.748490928454112026e-01
3.549999698556467020e+00 9.719810432018937130e-01 -2.702547574336954250e-01
3.612831551628262972e+00 9.719193901619883613e-01 -2.657365461254834749e-01
3.675663404700058035e+00 9.719993127449496617e-01 -2.612695394974661189e-01
3.738495257771853986e+00 9.722283824628054072e-01 -2.568750644685193207e-01
3.801327110843649937e+00 9.725969280543057538e-01 -2.525495896582646838e-01
3.864158963915445888e+00 9.731047383050409616e-01 -2.482979893478073907e-01
3.926990816987241839e+00 9.737373009912183575e-01 -2.441197251223932996e-01
3.989822670059037790e+00 9.744850758105114696e-01 -2.400226000330772103e-01
4.052654523130833297e+00 9.753270388404861047e-01 -2.360102166916961119e-01
4.115486376202629693e+00 9.762543212791439107e-01 -2.320765561657804066e-01
4.178318229274425200e+00 9.772685424781368813e-01 -2.282295613707137905e-01
4.241150082346220707e+00 9.783445264730293855e-01 -2.244695028974708906e-01
4.303981935418017102e+00 9.794523813759057340e-01 -2.207755295664468043e-01
4.366813788489812609e+00 9.806127737384621179e-01 -2.171622649152848972e-01
4.429645641561609004e+00 9.817805368706185032e-01 -2.136144901834904075e-01
4.492477494633405399e+00 9.829696481304217581e-01 -2.101530164531454914e-01
4.555309347705200018e+00 9.841516143815585149e-01 -2.067413703300240990e-01
4.618141200776996413e+00 9.853413593284066074e-01 -2.034026554997108993e-01
4.680973053848791920e+00 9.864945915231231321e-01 -2.001413254582667112e-01
4.743804906920588316e+00 9.876351055527350375e-01 -1.969311304693432130e-01
4.806636759992383823e+00 9.887542124227802764e-01 -1.937852407540879007e-01
4.869468613064179330e+00 9.898165210460537766e-01 -1.907352600198458925e-01
4.932300466135975725e+00 9.908642330934328557e-01 -1.877426316134480078e-01
4.995132319207771232e+00 9.918436097054936784e-01 -1.848344681332428074e-01
5.057964172279567627e+00 9.927852840449240546e-01 -1.820113802138531023e-01
5.120796025351363134e+00 9.936736295478951764e-01 -1.792813392832330044e-01
5.183627878423160418e+00 9.945073841136994330e-01 -1.766416571190136120e-01
5.246459731494955037e+00 9.952901871610636553e-01 -1.740968073698244134e-01
5.309291584566751432e+00 9.960097220961685593e-01 -1.716548840376506124e-01
5.372123437638546939e+00 9.966814760217648228e-01 -1.693158167799868052e-01
5.434955290710341558e+00 9.972915953557083268e-01 -1.670824500444819116e-01
5.497787143782138841e+00 9.978442616548066635e-01 -1.649540797608876896e-01
5.560618996853934348e+00 9.983473392209417652e-01 -1.629232551782691107e-01
5.623450849925729855e+00 9.987920295487799915e-01 -1.610023514454176075e-01
5.686282702997526250e+00 9.991877471874806016e-01 -1.591663008633318888e-01
5.749114556069321758e+00 9.995246261050649839e-01 -1.574448500222487002e-01
5.811946409141118153e+00 9.998204782239240584e-01 -1.558015413434057916e-01
5.874778262212913660e+00 1.000067734060013924e+00 -1.542539328619197125e-01
5.937610115284709167e+00 1.000265880611765024e+00 -1.527827512000428933e-01
6.000441968356505562e+00 1.000425655060100949e+00 -1.513880012404225928e-01
6.063273821428301069e+00 1.000550378076423108e+00 -1.500741439752087958e-01
6.126105674500096576e+00 1.000623701354889983e+00 -1.488050968175803901e-01
6.188937527571892971e+00 1.000677359475881989e+00 -1.476170823784165864e-01
6.251769380643687590e+00 1.000689620453153017e+00 -1.464617124266889003e-01
6.314601233715484874e+00 1.000672935150213050e+00 -1.453706992531025033e-01
6.817256058289851595e+00 9.997875179141307855e-01 -1.377443131282286015e-01
7.382742735936014711e+00 9.979690445353770478e-01 -1.302352009779672026e-01
8.011061266653973334e+00 9.958924294494789775e-01 -1.221873039840143949e-01
8.702211650443727464e+00 9.939283502495686040e-01 -1.137100588437821025e-01
9.393362034233481594e+00 9.923549002322213930e-01 -1.059092355751937026e-01
1.014734427109502946e+01 9.909893447126879584e-01 -9.830348609756035805e-02
1.102699021410018076e+01 9.897475980461787337e-01 -9.057457561567525128e-02
1.190663615710531964e+01 9.887725725037750379e-01 -8.392281034634556380e-02
1.291194580625404953e+01 9.878970866534783069e-01 -7.740221177940712072e-02
1.398008730847458025e+01 9.871666633714136774e-01 -7.149138510549875314e-02
1.517389251683870022e+01 9.865262860028577441e-01 -6.586610432408181171e-02
1.643052957827461924e+01 9.859974549217038753e-01 -6.082661116700630727e-02
1.774999849278232844e+01 9.855587825717062600e-01 -5.630288416535716989e-02
1.925796296650543127e+01 9.851637697160948726e-01 -5.189206908121594269e-02
2.082875929330032960e+01 9.848401490759304266e-01 -4.797683669311818278e-02
2.258805117931061091e+01 9.845548605904914652e-01 -4.423849251895353718e-02
2.447300677146449033e+01 9.843149065624495764e-01 -4.082977586676846127e-02
2.648362606976196076e+01 9.841133361754498265e-01 -3.772883317404299164e-02
2.868274092727481062e+01 9.839396008226917179e-01 -3.483513851681001305e-02
3.107035134400306120e+01 9.837911804578336472e-01 -3.215735491349559078e-02
3.364645731994667699e+01 9.836651553043542773e-01 -2.969452102187931930e-02
3.641105885510570772e+01 9.835585597143696734e-01 -2.743926320347154016e-02
3.942698780255191338e+01 9.834668943650812789e-01 -2.533978503269021867e-02
4.269424416228528685e+01 9.833886918893743889e-01 -2.340015058372146156e-02
4.627565978737766272e+01 9.833212823223188570e-01 -2.158874391428827061e-02
5.010840282475721352e+01 9.832645515313161999e-01 -1.993710707304496149e-02
5.425530512749573120e+01 9.832162051593731356e-01 -1.841296652756616026e-02
5.877919854866504323e+01 9.831746948070145820e-01 -1.699558224963582109e-02
6.368008308826510699e+01 9.831393319601662295e-01 -1.568737576556509042e-02
6.895795874629595801e+01 9.831093638068577611e-01 -1.448652462116306952e-02
7.467565737582938823e+01 9.830837994690365678e-01 -1.337718207838669952e-02
8.089601082993718251e+01 9.830619120516468357e-01 -1.234843808005489998e-02
8.761901910861934084e+01 9.830433001198001230e-01 -1.140083202914803952e-02
9.484468221187586323e+01 9.830275438931528331e-01 -1.053217569580860991e-02
1.027614956989221042e+02 9.830139524069971824e-01 -9.720689339714226607e-03
1.113066277166864069e+02 9.830024137818987873e-01 -8.974352890818338910e-03
1.205429101182403997e+02 9.829925974578295200e-01 -8.286658514676789600e-03
1.305331747566559102e+02 9.829842373112802623e-01 -7.652395293460162624e-03
1.414030853380766075e+02 9.829770779027023897e-01 -7.064099323256543828e-03
1.531526418625024064e+02 9.829709887938981039e-01 -6.522119938199367854e-03
1.658446761830051912e+02 9.829658105007521574e-01 -6.022953639991238117e-03
1.796676838588003022e+02 9.829613720393134413e-01 -5.559543280577964632e-03
1.945588330368159120e+02 9.829576094883132331e-01 -5.134054122187943665e-03
2.107694511293391884e+02 9.829543916151228800e-01 -4.740095613392330577e-03
2.282367062832985027e+02 9.829517045642568451e-01 -4.384960164983539230e-03
2.472119259109809093e+02 9.829495504717375987e-01 -4.080281222719859754e-03
2.677579418654581218e+02 9.829479738476054607e-01 -3.844781168269173141e-03
2.900004178528739089e+02 9.829449225016865244e-01 -3.362541141723652052e-03
3.141278494324433836e+02 9.829435770461140143e-01 -3.104262790145639883e-03
